<?xml version="1.0" encoding="UTF-8"?>
<testsuite name="TestSuite" time="28.672" tests="9" errors="0" skipped="6" failures="1">
  <properties>
[...]
</properties>
  <testcase name="init" classname="TestCases.Searches" time="0">
    <skipped/>
    <system-out>2020-08-25 18:09:30 INFO  BasePage:63 - Into Before Suite - Hook
2020-08-25 18:09:30 INFO  ExtentManager:22 - Into extent reporter ----
2020-08-25 18:09:30 INFO  ExtentManager:34 - HTML report created : Assignment  
2020-08-25 18:09:30 INFO  BasePage:77 - Into before Test Hook 
2020-08-25 18:09:37 INFO  BasePage:89 - Chrome Browser launched successfully..
</system-out>
    <system-err>Starting ChromeDriver 84.0.4147.30 (48b3e868b4cc0aa7e8149519690b6f6949e110a8-refs/branch-heads/4147@{#310}) on port 4164
Only local connections are allowed.
Please see https://chromedriver.chromium.org/security-considerations for suggestions on keeping ChromeDriver safe.
ChromeDriver was started successfully.
Aug 25, 2020 6:09:34 PM org.openqa.selenium.remote.ProtocolHandshake createSession
INFO: Detected dialect: W3C
</system-err>
  </testcase>
  <testcase name="testCase_Search" classname="TestCases.Searches" time="0">
    <skipped/>
  </testcase>
  <testcase name="afterMethod" classname="TestCases.Searches" time="0">
    <skipped/>
    <system-out>2020-08-25 18:09:37 INFO  BasePage:30 - New testcase :testCase_Search
2020-08-25 18:09:37 INFO  BasePage:32 - Testcase Description : 
2020-08-25 18:09:37 INFO  BasePage:33 - Testcase get skipped
2020-08-25 18:09:37 ERROR BasePage:36 - testCase_Search SKIPPED 
</system-out>
  </testcase>
  <testcase name="testCase_NegativeLogin" classname="TestCases.NegativeLogin" time="0">
    <skipped/>
    <system-out>2020-08-25 18:09:37 INFO  BasePage:134 - Closing brower...
2020-08-25 18:09:37 INFO  BasePage:77 - Into before Test Hook 
2020-08-25 18:09:43 INFO  BasePage:89 - Chrome Browser launched successfully..
2020-08-25 18:09:43 INFO  TestDataProviders:17 - Into Dataprovider - Negative Login Data
2020-08-25 18:09:43 INFO  TestDataProviders:21 - Reading JSON from a file
[[Ljava.lang.Object;@6b04acb2
2020-08-25 18:09:43 INFO  BasePage:102 - Starting the testcase testCase_NegativeLogin
Retrying testCase_NegativeLogin again and the count is 1
</system-out>
    <system-err>Starting ChromeDriver 84.0.4147.30 (48b3e868b4cc0aa7e8149519690b6f6949e110a8-refs/branch-heads/4147@{#310}) on port 3206
Only local connections are allowed.
Please see https://chromedriver.chromium.org/security-considerations for suggestions on keeping ChromeDriver safe.
ChromeDriver was started successfully.
Aug 25, 2020 6:09:41 PM org.openqa.selenium.remote.ProtocolHandshake createSession
INFO: Detected dialect: W3C
</system-err>
  </testcase>
  <testcase name="testCase_NegativeLogin" classname="TestCases.NegativeLogin" time="10.939"/>
  <testcase name="testCase_NegativeLogin" classname="TestCases.NegativeLogin" time="0">
    <skipped/>
    <system-out>2020-08-25 18:10:08 INFO  BasePage:123 - testCase_NegativeLogin PASSED 
2020-08-25 18:10:08 INFO  BasePage:102 - Starting the testcase testCase_NegativeLogin
Retrying testCase_NegativeLogin again and the count is 1
</system-out>
  </testcase>
  <testcase name="testCase_NegativeLogin" classname="TestCases.NegativeLogin" time="0">
    <skipped/>
    <system-out>2020-08-25 18:10:19 INFO  BasePage:30 - New testcase :testCase_NegativeLogin
2020-08-25 18:10:19 INFO  BasePage:32 - Testcase Description : 
2020-08-25 18:10:19 INFO  BasePage:33 - Testcase get skipped
2020-08-25 18:10:19 ERROR BasePage:36 - testCase_NegativeLogin SKIPPED 
2020-08-25 18:10:19 ERROR BasePage:127 - testCase_NegativeLogin SKIPPED 
2020-08-25 18:10:19 INFO  TestDataProviders:17 - Into Dataprovider - Negative Login Data
2020-08-25 18:10:19 INFO  TestDataProviders:21 - Reading JSON from a file
[[Ljava.lang.Object;@189b5fb1
2020-08-25 18:10:19 INFO  BasePage:102 - Starting the testcase testCase_NegativeLogin
Retrying testCase_NegativeLogin again and the count is 2
</system-out>
  </testcase>
  <testcase name="testCase_NegativeLogin" classname="TestCases.NegativeLogin" time="10.748">
    <failure message="no such element: Unable to locate element: {&quot;method&quot;:&quot;xpath&quot;,&quot;selector&quot;:&quot;//div[@id=&apos;nav-signin-tooltip&apos;]//span[@class=&apos;nav-action-inner&apos;][contains(text(),&apos;Sign in&apos;)]&quot;}&#10;  (Session info: chrome=84.0.4147.135)&#10;For documentation on this error, please visit: https://www.seleniumhq.org/exceptions/no_such_element.html&#10;Build info: version: &apos;3.141.59&apos;, revision: &apos;e82be7d358&apos;, time: &apos;2018-11-14T08:17:03&apos;&#10;System info: host: &apos;ANAMIKASALUJA&apos;, ip: &apos;192.168.1.203&apos;, os.name: &apos;Windows 10&apos;, os.arch: &apos;amd64&apos;, os.version: &apos;10.0&apos;, java.version: &apos;11.0.5&apos;&#10;Driver info: org.openqa.selenium.chrome.ChromeDriver&#10;Capabilities {acceptInsecureCerts: false, browserName: chrome, browserVersion: 84.0.4147.135, chrome: {chromedriverVersion: 84.0.4147.30 (48b3e868b4cc0..., userDataDir: C:\Users\ANAMIK~1\AppData\L...}, goog:chromeOptions: {debuggerAddress: localhost:50900}, javascriptEnabled: true, networkConnectionEnabled: false, pageLoadStrategy: normal, platform: WINDOWS, platformName: WINDOWS, proxy: Proxy(), setWindowRect: true, strictFileInteractability: false, timeouts: {implicit: 0, pageLoad: 300000, script: 30000}, unhandledPromptBehavior: dismiss and notify, webauthn:virtualAuthenticators: true}&#10;Session ID: ab4e7788143e9582158b1bc03283fb81&#10;*** Element info: {Using=xpath, value=//div[@id=&apos;nav-signin-tooltip&apos;]//span[@class=&apos;nav-action-inner&apos;][contains(text(),&apos;Sign in&apos;)]}" type="org.openqa.selenium.NoSuchElementException">org.openqa.selenium.NoSuchElementException: no such element: Unable to locate element: {"method":"xpath","selector":"//div[@id='nav-signin-tooltip']//span[@class='nav-action-inner'][contains(text(),'Sign in')]"}
  (Session info: chrome=84.0.4147.135)
For documentation on this error, please visit: https://www.seleniumhq.org/exceptions/no_such_element.html
Build info: version: '3.141.59', revision: 'e82be7d358', time: '2018-11-14T08:17:03'
System info: host: 'ANAMIKASALUJA', ip: '192.168.1.203', os.name: 'Windows 10', os.arch: 'amd64', os.version: '10.0', java.version: '11.0.5'
Driver info: org.openqa.selenium.chrome.ChromeDriver
Capabilities {acceptInsecureCerts: false, browserName: chrome, browserVersion: 84.0.4147.135, chrome: {chromedriverVersion: 84.0.4147.30 (48b3e868b4cc0..., userDataDir: C:\Users\ANAMIK~1\AppData\L...}, goog:chromeOptions: {debuggerAddress: localhost:50900}, javascriptEnabled: true, networkConnectionEnabled: false, pageLoadStrategy: normal, platform: WINDOWS, platformName: WINDOWS, proxy: Proxy(), setWindowRect: true, strictFileInteractability: false, timeouts: {implicit: 0, pageLoad: 300000, script: 30000}, unhandledPromptBehavior: dismiss and notify, webauthn:virtualAuthenticators: true}
Session ID: ab4e7788143e9582158b1bc03283fb81
*** Element info: {Using=xpath, value=//div[@id='nav-signin-tooltip']//span[@class='nav-action-inner'][contains(text(),'Sign in')]}
	at java.base/jdk.internal.reflect.NativeConstructorAccessorImpl.newInstance0(Native Method)
	at java.base/jdk.internal.reflect.NativeConstructorAccessorImpl.newInstance(NativeConstructorAccessorImpl.java:62)
	at java.base/jdk.internal.reflect.DelegatingConstructorAccessorImpl.newInstance(DelegatingConstructorAccessorImpl.java:45)
	at java.base/java.lang.reflect.Constructor.newInstance(Constructor.java:490)
	at org.openqa.selenium.remote.http.W3CHttpResponseCodec.createException(W3CHttpResponseCodec.java:187)
	at org.openqa.selenium.remote.http.W3CHttpResponseCodec.decode(W3CHttpResponseCodec.java:122)
	at org.openqa.selenium.remote.http.W3CHttpResponseCodec.decode(W3CHttpResponseCodec.java:49)
	at org.openqa.selenium.remote.HttpCommandExecutor.execute(HttpCommandExecutor.java:158)
	at org.openqa.selenium.remote.service.DriverCommandExecutor.execute(DriverCommandExecutor.java:83)
	at org.openqa.selenium.remote.RemoteWebDriver.execute(RemoteWebDriver.java:552)
	at org.openqa.selenium.remote.RemoteWebDriver.findElement(RemoteWebDriver.java:323)
	at org.openqa.selenium.remote.RemoteWebDriver.findElementByXPath(RemoteWebDriver.java:428)
	at org.openqa.selenium.By$ByXPath.findElement(By.java:353)
	at org.openqa.selenium.remote.RemoteWebDriver.findElement(RemoteWebDriver.java:315)
	at org.openqa.selenium.support.pagefactory.DefaultElementLocator.findElement(DefaultElementLocator.java:69)
	at org.openqa.selenium.support.pagefactory.internal.LocatingElementHandler.invoke(LocatingElementHandler.java:38)
	at com.sun.proxy.$Proxy16.click(Unknown Source)
	at Pages.Login.clickSignInButton(Login.java:40)
	at TestCases.NegativeLogin.testCase_NegativeLogin(NegativeLogin.java:26)
</failure>
    <system-out>2020-08-25 18:10:29 INFO  BasePage:30 - New testcase :testCase_NegativeLogin
2020-08-25 18:10:29 INFO  BasePage:32 - Testcase Description : 
2020-08-25 18:10:29 INFO  BasePage:33 - Testcase get skipped
2020-08-25 18:10:29 ERROR BasePage:36 - testCase_NegativeLogin SKIPPED 
2020-08-25 18:10:29 ERROR BasePage:127 - testCase_NegativeLogin SKIPPED 
2020-08-25 18:10:29 INFO  TestDataProviders:17 - Into Dataprovider - Negative Login Data
2020-08-25 18:10:29 INFO  TestDataProviders:21 - Reading JSON from a file
[[Ljava.lang.Object;@62ddd21b
2020-08-25 18:10:29 INFO  BasePage:102 - Starting the testcase testCase_NegativeLogin
</system-out>
  </testcase>
  <testcase name="testCase_NegativeLogin" classname="TestCases.NegativeLogin" time="6.985"/>
</testsuite>