<?xml version="1.0" encoding="UTF-8"?>
<!-- Generated by org.testng.reporters.JUnitXMLReporter -->
<testsuite ignored="0" hostname="Anamikasaluja" failures="0" tests="3" name="negativeLogin" time="28.886" errors="0" timestamp="2020-09-04T09:32:08 IST">
  <testcase classname="testCases.NegativeLogin" name="testCase_NegativeLogin" time="12.787"/>
  <testcase classname="testCases.NegativeLogin" name="testCase_NegativeLogin" time="4.553"/>
  <testcase classname="testCases.NegativeLogin" name="testCase_NegativeLogin" time="3.884"/>
</testsuite> <!-- negativeLogin -->
